[debug] [2021-03-05T21:39:23.488Z] ----------------------------------------------------------------------
[debug] [2021-03-05T21:39:23.514Z] Command:       C:\Program Files\nodejs\node.exe C:\Program Files\nodejs\node_modules\firebase-tools\lib\bin\firebase.js init
[debug] [2021-03-05T21:39:23.514Z] CLI Version:   9.5.0
[debug] [2021-03-05T21:39:23.514Z] Platform:      win32
[debug] [2021-03-05T21:39:23.515Z] Node Version:  v15.10.0
[debug] [2021-03-05T21:39:23.626Z] Time:          Fri Mar 05 2021 18:39:23 GMT-0300 (Horário Padrão de Brasília)
[debug] [2021-03-05T21:39:23.626Z] ----------------------------------------------------------------------
[debug] [2021-03-05T21:39:23.626Z] 
[debug] [2021-03-05T21:39:23.647Z] >>> [apiv2][query] GET https://firebase-public.firebaseio.com/cli.json [none]
[debug] [2021-03-05T21:39:23.841Z] > command requires scopes: ["email","openid","https://www.googleapis.com/auth/cloudplatformprojects.readonly","https://www.googleapis.com/auth/firebase","https://www.googleapis.com/auth/cloud-platform"]
[debug] [2021-03-05T21:39:23.841Z] > authorizing via signed-in user
[info] 
     ######## #### ########  ######## ########     ###     ######  ########
     ##        ##  ##     ## ##       ##     ##  ##   ##  ##       ##
     ######    ##  ########  ######   ########  #########  ######  ######
     ##        ##  ##    ##  ##       ##     ## ##     ##       ## ##
     ##       #### ##     ## ######## ########  ##     ##  ######  ########

You're about to initialize a Firebase project in this directory:

  C:\Users\gusta\Projetos_Git\FindMyPhone\a

[debug] [2021-03-05T21:39:24.639Z] <<< [apiv2][status] GET https://firebase-public.firebaseio.com/cli.json 200
[debug] [2021-03-05T21:39:24.639Z] <<< [apiv2][body] GET https://firebase-public.firebaseio.com/cli.json {"cloudBuildErrorAfter":1594252800000,"cloudBuildWarnAfter":1590019200000,"defaultNode10After":1594252800000,"minVersion":"3.0.5","node8DeploysDisabledAfter":1613390400000,"node8RuntimeDisabledAfter":1615809600000,"node8WarnAfter":1600128000000}
